<?xml version="1.0" encoding="UTF-8"?>
<!-- Generated by org.testng.reporters.JUnitXMLReporter -->
<testsuite ignored="4" hostname="LAPTOP-RLOOET04" failures="0" tests="12" name="Test" time="221.368" errors="0" timestamp="2023-04-05T22:13:05 IST">
  <testcase classname="test.cases.LoginTestCase" name="verifyLogInWithNullValues" time="44.525"/>
  <testcase classname="test.cases.LoginTestCase" name="verifyLogInWithNullValues" time="5.129"/>
  <testcase classname="test.cases.LoginTestCase" name="verifyLogInWithNullValues" time="3.029"/>
  <testcase classname="test.cases.LoginTestCase" name="verifyLoginWithInValidCredendial" time="10.981"/>
  <testcase classname="test.cases.LoginTestCase" name="verifyLoginWithInValidCredendial" time="13.088"/>
  <testcase classname="test.cases.LoginTestCase" name="verifyLoginWithInValidCredendial" time="7.073"/>
  <testcase classname="test.cases.LoginTestCase" name="verifyLoginWithValidCredendial" time="40.99"/>
  <testcase classname="test.cases.PIMreportTestcases" name="addReportPageVerify" time="35.662"/>
  <testcase classname="test.cases.PIMreportTestcases" name="reprotEndToEnd" time="14.841"/>
  <testcase classname="test.cases.PIMreportTestcases" name="verifySearchbtnInvalidData" time="14.592"/>
  <testcase classname="test.cases.UserManagementTestCase" name="userManagementUI" time="16.028"/>
  <testcase classname="test.cases.UserManagementTestCase" name="verifyAddUserPage" time="11.722"/>
  <testcase classname="utility.BaseClass" name="@BeforeTest setUp" time="0.0">
    <ignored/>
  </testcase> <!-- @BeforeTest setUp -->
  <testcase classname="utility.BaseClass" name="@BeforeTest setUp" time="0.0">
    <ignored/>
  </testcase> <!-- @BeforeTest setUp -->
  <testcase classname="utility.BaseClass" name="@AfterTest tearDown" time="0.0">
    <ignored/>
  </testcase> <!-- @AfterTest tearDown -->
  <testcase classname="utility.BaseClass" name="@AfterTest tearDown" time="0.0">
    <ignored/>
  </testcase> <!-- @AfterTest tearDown -->
</testsuite> <!-- Test -->
