<?xml version="1.0" encoding="UTF-8"?>
<testng-results ignored="4" total="16" passed="12" failed="0" skipped="0">
  <reporter-output>
  </reporter-output>
  <suite started-at="2023-04-05T22:09:24 IST" name="Suite" finished-at="2023-04-05T22:13:05 IST" duration-ms="221368">
    <groups>
    </groups>
    <test started-at="2023-04-05T22:09:24 IST" name="Test" finished-at="2023-04-05T22:13:05 IST" duration-ms="221368">
      <class name="test.cases.UserManagementTestCase">
        <test-method signature="userManagementUI()[pri:0, instance:test.cases.UserManagementTestCase@10e31a9a]" started-at="2023-04-05T22:12:37 IST" name="userManagementUI" finished-at="2023-04-05T22:12:53 IST" duration-ms="16028" status="PASS">
          <reporter-output>
          </reporter-output>
        </test-method> <!-- userManagementUI -->
        <test-method signature="verifyAddUserPage()[pri:0, instance:test.cases.UserManagementTestCase@10e31a9a]" started-at="2023-04-05T22:12:53 IST" name="verifyAddUserPage" finished-at="2023-04-05T22:13:05 IST" duration-ms="11722" status="PASS">
          <reporter-output>
          </reporter-output>
        </test-method> <!-- verifyAddUserPage -->
      </class> <!-- test.cases.UserManagementTestCase -->
      <class name="test.cases.LoginTestCase">
        <test-method is-config="true" signature="setUp()[pri:0, instance:test.cases.LoginTestCase@564fabc8]" started-at="2023-04-05T22:09:24 IST" name="setUp" finished-at="2023-04-05T22:09:26 IST" duration-ms="2509" status="PASS">
          <reporter-output>
          </reporter-output>
        </test-method> <!-- setUp -->
        <test-method signature="verifyLogInWithNullValues(java.lang.String,java.lang.String)[pri:0, instance:test.cases.LoginTestCase@564fabc8]" started-at="2023-04-05T22:09:26 IST" name="verifyLogInWithNullValues" data-provider="readNullData" finished-at="2023-04-05T22:10:11 IST" duration-ms="44525" status="PASS">
          <params>
            <param index="0">
              <value>
                <![CDATA[Admin]]>
              </value>
            </param>
            <param index="1">
              <value>
                <![CDATA[]]>
              </value>
            </param>
          </params>
          <reporter-output>
          </reporter-output>
        </test-method> <!-- verifyLogInWithNullValues -->
        <test-method signature="verifyLogInWithNullValues(java.lang.String,java.lang.String)[pri:0, instance:test.cases.LoginTestCase@564fabc8]" started-at="2023-04-05T22:10:11 IST" name="verifyLogInWithNullValues" data-provider="readNullData" finished-at="2023-04-05T22:10:16 IST" duration-ms="5129" status="PASS">
          <params>
            <param index="0">
              <value>
                <![CDATA[]]>
              </value>
            </param>
            <param index="1">
              <value>
                <![CDATA[admin123]]>
              </value>
            </param>
          </params>
          <reporter-output>
          </reporter-output>
        </test-method> <!-- verifyLogInWithNullValues -->
        <test-method signature="verifyLogInWithNullValues(java.lang.String,java.lang.String)[pri:0, instance:test.cases.LoginTestCase@564fabc8]" started-at="2023-04-05T22:10:16 IST" name="verifyLogInWithNullValues" data-provider="readNullData" finished-at="2023-04-05T22:10:19 IST" duration-ms="3029" status="PASS">
          <params>
            <param index="0">
              <value>
                <![CDATA[]]>
              </value>
            </param>
            <param index="1">
              <value>
                <![CDATA[]]>
              </value>
            </param>
          </params>
          <reporter-output>
          </reporter-output>
        </test-method> <!-- verifyLogInWithNullValues -->
        <test-method signature="verifyLoginWithInValidCredendial(java.lang.String,java.lang.String)[pri:0, instance:test.cases.LoginTestCase@564fabc8]" started-at="2023-04-05T22:10:20 IST" name="verifyLoginWithInValidCredendial" data-provider="readData" finished-at="2023-04-05T22:10:31 IST" duration-ms="10981" status="PASS">
          <params>
            <param index="0">
              <value>
                <![CDATA[aaaa]]>
              </value>
            </param>
            <param index="1">
              <value>
                <![CDATA[aaaa]]>
              </value>
            </param>
          </params>
          <reporter-output>
          </reporter-output>
        </test-method> <!-- verifyLoginWithInValidCredendial -->
        <test-method signature="verifyLoginWithInValidCredendial(java.lang.String,java.lang.String)[pri:0, instance:test.cases.LoginTestCase@564fabc8]" started-at="2023-04-05T22:10:31 IST" name="verifyLoginWithInValidCredendial" data-provider="readData" finished-at="2023-04-05T22:10:44 IST" duration-ms="13088" status="PASS">
          <params>
            <param index="0">
              <value>
                <![CDATA[adddd]]>
              </value>
            </param>
            <param index="1">
              <value>
                <![CDATA[dfd]]>
              </value>
            </param>
          </params>
          <reporter-output>
          </reporter-output>
        </test-method> <!-- verifyLoginWithInValidCredendial -->
        <test-method signature="verifyLoginWithInValidCredendial(java.lang.String,java.lang.String)[pri:0, instance:test.cases.LoginTestCase@564fabc8]" started-at="2023-04-05T22:10:44 IST" name="verifyLoginWithInValidCredendial" data-provider="readData" finished-at="2023-04-05T22:10:51 IST" duration-ms="7073" status="PASS">
          <params>
            <param index="0">
              <value>
                <![CDATA[bvhv]]>
              </value>
            </param>
            <param index="1">
              <value>
                <![CDATA[hjhj]]>
              </value>
            </param>
          </params>
          <reporter-output>
          </reporter-output>
        </test-method> <!-- verifyLoginWithInValidCredendial -->
        <test-method signature="verifyLoginWithValidCredendial()[pri:0, instance:test.cases.LoginTestCase@564fabc8]" started-at="2023-04-05T22:10:51 IST" name="verifyLoginWithValidCredendial" finished-at="2023-04-05T22:11:32 IST" duration-ms="40990" status="PASS">
          <reporter-output>
          </reporter-output>
        </test-method> <!-- verifyLoginWithValidCredendial -->
        <test-method is-config="true" signature="tearDown()[pri:0, instance:test.cases.LoginTestCase@564fabc8]" started-at="2023-04-05T22:13:05 IST" name="tearDown" finished-at="2023-04-05T22:13:05 IST" duration-ms="318" status="PASS">
          <reporter-output>
          </reporter-output>
        </test-method> <!-- tearDown -->
      </class> <!-- test.cases.LoginTestCase -->
      <class name="test.cases.PIMreportTestcases">
        <test-method signature="addReportPageVerify()[pri:0, instance:test.cases.PIMreportTestcases@3febb011]" started-at="2023-04-05T22:11:32 IST" name="addReportPageVerify" finished-at="2023-04-05T22:12:07 IST" duration-ms="35662" status="PASS">
          <reporter-output>
          </reporter-output>
        </test-method> <!-- addReportPageVerify -->
        <test-method signature="reprotEndToEnd()[pri:0, instance:test.cases.PIMreportTestcases@3febb011]" started-at="2023-04-05T22:12:07 IST" name="reprotEndToEnd" finished-at="2023-04-05T22:12:22 IST" duration-ms="14841" status="PASS">
          <reporter-output>
          </reporter-output>
        </test-method> <!-- reprotEndToEnd -->
        <test-method signature="verifySearchbtnInvalidData()[pri:0, instance:test.cases.PIMreportTestcases@3febb011]" started-at="2023-04-05T22:12:22 IST" name="verifySearchbtnInvalidData" finished-at="2023-04-05T22:12:37 IST" duration-ms="14592" status="PASS">
          <reporter-output>
          </reporter-output>
        </test-method> <!-- verifySearchbtnInvalidData -->
      </class> <!-- test.cases.PIMreportTestcases -->
    </test> <!-- Test -->
  </suite> <!-- Suite -->
</testng-results>
