<?xml version="1.0" encoding="UTF-8"?>
<!-- Generated by org.testng.reporters.JUnitXMLReporter -->
<testsuite ignored="0" hostname="LAPTOP-RLOOET04" failures="0" tests="3" name="Default test" time="27.376" errors="0" timestamp="2023-04-05T18:55:14 IST">
  <testcase classname="test.cases.UserManagementTestCase" name="userManagementUI" time="11.421"/>
  <testcase classname="test.cases.UserManagementTestCase" name="verifyAddUserPage" time="7.069"/>
  <testcase classname="test.cases.UserManagementTestCase" name="verifySearchBtn" time="6.868"/>
</testsuite> <!-- Default test -->
